<?xml version="1.0" encoding="UTF-8"?>
<beans xmlns="http://www.springframework.org/schema/beans"
       xmlns:xsi="http://www.w3.org/2001/XMLSchema-instance"
       xsi:schemaLocation="http://www.springframework.org/schema/beans
           http://www.springframework.org/schema/beans/spring-beans.xsd">

    <bean id="srcalcDataSource" class="com.mysql.jdbc.jdbc2.optional.MysqlDataSource ">
        <property name="password" value="" />
        <property name="user" value="root" />
        <property name="url" value="jdbc:mysql://localhost:3306/srcalc" />
    </bean>

</beans>
