<?xml version="1.0" encoding="UTF-8"?>
<beans xmlns="http://www.springframework.org/schema/beans"
       xmlns:xsi="http://www.w3.org/2001/XMLSchema-instance"
       xsi:schemaLocation="http://www.springframework.org/schema/beans
           http://www.springframework.org/schema/beans/spring-beans.xsd">

    <!-- Use an in-memory HSQLDB database for integration tests. Note that the
         database will vanish upon completion of tests. -->
    <bean id="srcalcDataSource" class="org.hsqldb.jdbc.JDBCDataSource">
        <property name="url" value="jdbc:hsqldb:mem:srcalctest" />
    </bean>
    
    <!-- Use a mock VistaPatientDao since we can't actually talk to VistA in the
         ITs. (In the real Application Context, a request-scoped DAO is created
         for the current user.) -->
    <bean id="vistaPatientDao" class="gov.va.med.srcalc.vista.MockVistaPatientDao" />

</beans>